app/build/outputs/logs/manifest-merger-debug-report.txt
-- Merging decision tree log ---
manifest
ADDED from src\main\AndroidManifest.xml:2:1-24:12
INJECTED from src\main\AndroidManifest.xml:2:1-24:12
INJECTED from src\main\AndroidManifest.xml:2:1-24:12
INJECTED from src\main\AndroidManifest.xml:2:1-24:12
MERGED from [com.firebaseui:firebase-ui-auth:3.1.2] AndroidManifest.xml:2:1-75:12
MERGED from [com.android.support:design:27.0.2] AndroidManifest.xml:17:1-22:12
MERGED from [com.android.support:appcompat-v7:27.0.2] AndroidManifest.xml:17:1-22:12
MERGED from [com.google.firebase:firebase-database:11.6.2] AndroidManifest.xml:2:1-4:12
MERGED from [com.google.firebase:firebase-auth:11.6.2] AndroidManifest.xml:16:1-21:12
MERGED from [com.google.firebase:firebase-storage:11.6.2] AndroidManifest.xml:2:1-4:12
MERGED from [com.google.firebase:firebase-messaging:11.6.2] AndroidManifest.xml:16:1-30:12
MERGED from [com.google.firebase:firebase-config:11.6.2] AndroidManifest.xml:16:1-19:12
MERGED from [com.google.firebase:firebase-core:11.6.2] AndroidManifest.xml:2:1-6:12
MERGED from [com.google.firebase:firebase-database-connection:11.6.2] AndroidManifest.xml:2:1-4:12
MERGED from [com.google.firebase:firebase-analytics:11.6.2] AndroidManifest.xml:16:1-35:12
MERGED from [com.google.firebase:firebase-analytics-impl:11.6.2] AndroidManifest.xml:16:1-29:12
MERGED from [com.google.firebase:firebase-iid:11.6.2] AndroidManifest.xml:16:1-47:12
MERGED from [com.google.firebase:firebase-common:11.6.2] AndroidManifest.xml:2:1-8:12
MERGED from [com.google.android.gms:play-services-auth:11.6.2] AndroidManifest.xml:16:1-26:12
MERGED from [com.google.android.gms:play-services-auth-api-phone:11.6.2] AndroidManifest.xml:2:1-4:12
MERGED from [com.google.android.gms:play-services-auth-base:11.6.2] AndroidManifest.xml:2:1-5:12
MERGED from [com.google.android.gms:play-services-base:11.6.2] AndroidManifest.xml:16:1-21:12
MERGED from [com.google.android.gms:play-services-tasks:11.6.2] AndroidManifest.xml:2:1-5:12
MERGED from [com.google.firebase:firebase-storage-common:11.6.2] AndroidManifest.xml:2:1-4:12
MERGED from [com.google.android.gms:play-services-basement:11.6.2] AndroidManifest.xml:16:1-23:12
MERGED from [com.android.support:support-v4:27.0.2] AndroidManifest.xml:17:1-22:12
MERGED from [com.android.support:recyclerview-v7:27.0.2] AndroidManifest.xml:17:1-22:12
MERGED from [com.android.support:transition:27.0.2] AndroidManifest.xml:17:1-22:12
MERGED from [com.android.support:customtabs:27.0.2] AndroidManifest.xml:17:1-22:12
MERGED from [com.android.support:cardview-v7:27.0.2] AndroidManifest.xml:17:1-22:12
MERGED from [android.arch.lifecycle:extensions:1.0.0] AndroidManifest.xml:17:1-32:12
MERGED from [com.android.support:support-media-compat:27.0.2] AndroidManifest.xml:17:1-22:12
MERGED from [com.android.support:support-fragment:27.0.2] AndroidManifest.xml:17:1-22:12
MERGED from [com.android.support:support-core-utils:27.0.2] AndroidManifest.xml:17:1-22:12
MERGED from [com.android.support:animated-vector-drawable:27.0.2] AndroidManifest.xml:17:1-22:12
MERGED from [com.android.support:support-core-ui:27.0.2] AndroidManifest.xml:17:1-22:12
MERGED from [com.android.support:support-vector-drawable:27.0.2] AndroidManifest.xml:17:1-22:12
MERGED from [com.android.support:support-compat:27.0.2] AndroidManifest.xml:17:1-22:12
MERGED from [android.arch.lifecycle:runtime:1.0.3] AndroidManifest.xml:17:1-24:12
MERGED from [android.arch.core:runtime:1.0.0] AndroidManifest.xml:17:1-24:12
MERGED from [com.google.firebase:firebase-database-license:11.6.2] AndroidManifest.xml:2:1-6:12
MERGED from [com.google.firebase:firebase-auth-license:11.6.2] AndroidManifest.xml:2:1-6:12
MERGED from [com.android.support.constraint:constraint-layout:1.1.0-beta3] AndroidManifest.xml:2:1-11:12
MERGED from [com.google.firebase:firebase-storage-license:11.6.2] AndroidManifest.xml:2:1-6:12
MERGED from [com.google.firebase:firebase-messaging-license:11.6.2] AndroidManifest.xml:2:1-6:12
MERGED from [com.google.firebase:firebase-config-license:11.6.2] AndroidManifest.xml:2:1-6:12
MERGED from [com.google.firebase:firebase-database-connection-license:11.6.2] AndroidManifest.xml:2:1-6:12
MERGED from [com.google.android.gms:play-services-basement-license:11.6.2] AndroidManifest.xml:2:1-6:12
MERGED from [com.google.firebase:firebase-common-license:11.6.2] AndroidManifest.xml:2:1-6:12
MERGED from [com.google.android.gms:play-services-tasks-license:11.6.2] AndroidManifest.xml:2:1-6:12
MERGED from [com.google.android.gms:play-services-base-license:11.6.2] AndroidManifest.xml:2:1-6:12
MERGED from [com.google.firebase:firebase-storage-common-license:11.6.2] AndroidManifest.xml:2:1-6:12
MERGED from [com.google.firebase:firebase-iid-license:11.6.2] AndroidManifest.xml:2:1-6:12
MERGED from [com.google.firebase:firebase-analytics-license:11.6.2] AndroidManifest.xml:2:1-6:12
MERGED from [com.google.android.gms:play-services-auth-api-phone-license:11.6.2] AndroidManifest.xml:2:1-6:12
MERGED from [com.google.android.gms:play-services-auth-base-license:11.6.2] AndroidManifest.xml:2:1-6:12
MERGED from [com.google.firebase:firebase-analytics-impl-license:11.6.2] AndroidManifest.xml:2:1-6:12
INJECTED from src\main\AndroidManifest.xml:2:1-24:12
INJECTED from src\main\AndroidManifest.xml:2:1-24:12
INJECTED from src\main\AndroidManifest.xml:2:1-24:12
	package
		ADDED from src\main\AndroidManifest.xml:3:5-55
		INJECTED from src\main\AndroidManifest.xml
		INJECTED from src\main\AndroidManifest.xml
	android:versionName
		INJECTED from src\main\AndroidManifest.xml
		ADDED from src\main\AndroidManifest.xml:2:1-24:12
		INJECTED from src\main\AndroidManifest.xml
	android:versionCode
		INJECTED from src\main\AndroidManifest.xml
		ADDED from src\main\AndroidManifest.xml:2:1-24:12
		INJECTED from src\main\AndroidManifest.xml
	xmlns:android
		ADDED from src\main\AndroidManifest.xml:2:11-69
uses-permission#android.permission.INTERNET
ADDED from src\main\AndroidManifest.xml:5:5-66
MERGED from [com.firebaseui:firebase-ui-auth:3.1.2] AndroidManifest.xml:13:5-67
MERGED from [com.firebaseui:firebase-ui-auth:3.1.2] AndroidManifest.xml:13:5-67
MERGED from [com.google.firebase:firebase-analytics:11.6.2] AndroidManifest.xml:20:5-66
MERGED from [com.google.firebase:firebase-analytics:11.6.2] AndroidManifest.xml:20:5-66
MERGED from [com.google.firebase:firebase-analytics-impl:11.6.2] AndroidManifest.xml:20:5-66
MERGED from [com.google.firebase:firebase-analytics-impl:11.6.2] AndroidManifest.xml:20:5-66
MERGED from [com.google.firebase:firebase-iid:11.6.2] AndroidManifest.xml:20:5-66
MERGED from [com.google.firebase:firebase-iid:11.6.2] AndroidManifest.xml:20:5-66
	android:name
		ADDED from src\main\AndroidManifest.xml:5:22-64
uses-permission#android.permission.ACCESS_NETWORK_STATE
ADDED from src\main\AndroidManifest.xml:6:5-78
MERGED from [com.firebaseui:firebase-ui-auth:3.1.2] AndroidManifest.xml:12:5-79
MERGED from [com.firebaseui:firebase-ui-auth:3.1.2] AndroidManifest.xml:12:5-79
MERGED from [com.google.firebase:firebase-analytics:11.6.2] AndroidManifest.xml:21:5-78
MERGED from [com.google.firebase:firebase-analytics:11.6.2] AndroidManifest.xml:21:5-78
MERGED from [com.google.firebase:firebase-analytics-impl:11.6.2] AndroidManifest.xml:21:5-78
MERGED from [com.google.firebase:firebase-analytics-impl:11.6.2] AndroidManifest.xml:21:5-78
MERGED from [com.google.firebase:firebase-iid:11.6.2] AndroidManifest.xml:19:5-78
MERGED from [com.google.firebase:firebase-iid:11.6.2] AndroidManifest.xml:19:5-78
	android:name
		ADDED from src\main\AndroidManifest.xml:6:22-76
application
ADDED from src\main\AndroidManifest.xml:8:5-22:19
MERGED from [com.firebaseui:firebase-ui-auth:3.1.2] AndroidManifest.xml:15:5-73:19
MERGED from [com.firebaseui:firebase-ui-auth:3.1.2] AndroidManifest.xml:15:5-73:19
MERGED from [com.google.firebase:firebase-auth:11.6.2] AndroidManifest.xml:19:5-20:19
MERGED from [com.google.firebase:firebase-auth:11.6.2] AndroidManifest.xml:19:5-20:19
MERGED from [com.google.firebase:firebase-messaging:11.6.2] AndroidManifest.xml:19:5-29:19
MERGED from [com.google.firebase:firebase-messaging:11.6.2] AndroidManifest.xml:19:5-29:19
MERGED from [com.google.firebase:firebase-config:11.6.2] AndroidManifest.xml:18:5-19
MERGED from [com.google.firebase:firebase-config:11.6.2] AndroidManifest.xml:18:5-19
MERGED from [com.google.firebase:firebase-core:11.6.2] AndroidManifest.xml:5:5-20
MERGED from [com.google.firebase:firebase-core:11.6.2] AndroidManifest.xml:5:5-20
MERGED from [com.google.firebase:firebase-analytics:11.6.2] AndroidManifest.xml:24:5-34:19
MERGED from [com.google.firebase:firebase-analytics:11.6.2] AndroidManifest.xml:24:5-34:19
MERGED from [com.google.firebase:firebase-analytics-impl:11.6.2] AndroidManifest.xml:24:5-28:19
MERGED from [com.google.firebase:firebase-analytics-impl:11.6.2] AndroidManifest.xml:24:5-28:19
MERGED from [com.google.firebase:firebase-iid:11.6.2] AndroidManifest.xml:29:5-46:19
MERGED from [com.google.firebase:firebase-iid:11.6.2] AndroidManifest.xml:29:5-46:19
MERGED from [com.google.firebase:firebase-common:11.6.2] AndroidManifest.xml:4:5-7:19
MERGED from [com.google.firebase:firebase-common:11.6.2] AndroidManifest.xml:4:5-7:19
MERGED from [com.google.android.gms:play-services-auth:11.6.2] AndroidManifest.xml:19:5-25:19
MERGED from [com.google.android.gms:play-services-auth:11.6.2] AndroidManifest.xml:19:5-25:19
MERGED from [com.google.android.gms:play-services-base:11.6.2] AndroidManifest.xml:18:5-20:19
MERGED from [com.google.android.gms:play-services-base:11.6.2] AndroidManifest.xml:18:5-20:19
MERGED from [com.google.android.gms:play-services-tasks:11.6.2] AndroidManifest.xml:4:5-19
MERGED from [com.google.android.gms:play-services-tasks:11.6.2] AndroidManifest.xml:4:5-19
MERGED from [com.google.android.gms:play-services-basement:11.6.2] AndroidManifest.xml:19:5-21:19
MERGED from [com.google.android.gms:play-services-basement:11.6.2] AndroidManifest.xml:19:5-21:19
MERGED from [android.arch.lifecycle:extensions:1.0.0] AndroidManifest.xml:24:5-30:19
MERGED from [android.arch.lifecycle:extensions:1.0.0] AndroidManifest.xml:24:5-30:19
MERGED from [com.google.firebase:firebase-database-license:11.6.2] AndroidManifest.xml:5:5-20
MERGED from [com.google.firebase:firebase-database-license:11.6.2] AndroidManifest.xml:5:5-20
MERGED from [com.google.firebase:firebase-auth-license:11.6.2] AndroidManifest.xml:5:5-20
MERGED from [com.google.firebase:firebase-auth-license:11.6.2] AndroidManifest.xml:5:5-20
MERGED from [com.android.support.constraint:constraint-layout:1.1.0-beta3] AndroidManifest.xml:9:5-20
MERGED from [com.android.support.constraint:constraint-layout:1.1.0-beta3] AndroidManifest.xml:9:5-20
MERGED from [com.google.firebase:firebase-storage-license:11.6.2] AndroidManifest.xml:5:5-20
MERGED from [com.google.firebase:firebase-storage-license:11.6.2] AndroidManifest.xml:5:5-20
MERGED from [com.google.firebase:firebase-messaging-license:11.6.2] AndroidManifest.xml:5:5-20
MERGED from [com.google.firebase:firebase-messaging-license:11.6.2] AndroidManifest.xml:5:5-20
MERGED from [com.google.firebase:firebase-config-license:11.6.2] AndroidManifest.xml:5:5-20
MERGED from [com.google.firebase:firebase-config-license:11.6.2] AndroidManifest.xml:5:5-20
MERGED from [com.google.firebase:firebase-database-connection-license:11.6.2] AndroidManifest.xml:5:5-20
MERGED from [com.google.firebase:firebase-database-connection-license:11.6.2] AndroidManifest.xml:5:5-20
MERGED from [com.google.android.gms:play-services-basement-license:11.6.2] AndroidManifest.xml:5:5-20
MERGED from [com.google.android.gms:play-services-basement-license:11.6.2] AndroidManifest.xml:5:5-20
MERGED from [com.google.firebase:firebase-common-license:11.6.2] AndroidManifest.xml:5:5-20
MERGED from [com.google.firebase:firebase-common-license:11.6.2] AndroidManifest.xml:5:5-20
MERGED from [com.google.android.gms:play-services-tasks-license:11.6.2] AndroidManifest.xml:5:5-20
MERGED from [com.google.android.gms:play-services-tasks-license:11.6.2] AndroidManifest.xml:5:5-20
MERGED from [com.google.android.gms:play-services-base-license:11.6.2] AndroidManifest.xml:5:5-20
MERGED from [com.google.android.gms:play-services-base-license:11.6.2] AndroidManifest.xml:5:5-20
MERGED from [com.google.firebase:firebase-storage-common-license:11.6.2] AndroidManifest.xml:5:5-20
MERGED from [com.google.firebase:firebase-storage-common-license:11.6.2] AndroidManifest.xml:5:5-20
MERGED from [com.google.firebase:firebase-iid-license:11.6.2] AndroidManifest.xml:5:5-20
MERGED from [com.google.firebase:firebase-iid-license:11.6.2] AndroidManifest.xml:5:5-20
MERGED from [com.google.firebase:firebase-analytics-license:11.6.2] AndroidManifest.xml:5:5-20
MERGED from [com.google.firebase:firebase-analytics-license:11.6.2] AndroidManifest.xml:5:5-20
MERGED from [com.google.android.gms:play-services-auth-api-phone-license:11.6.2] AndroidManifest.xml:5:5-20
MERGED from [com.google.android.gms:play-services-auth-api-phone-license:11.6.2] AndroidManifest.xml:5:5-20
MERGED from [com.google.android.gms:play-services-auth-base-license:11.6.2] AndroidManifest.xml:5:5-20
MERGED from [com.google.android.gms:play-services-auth-base-license:11.6.2] AndroidManifest.xml:5:5-20
MERGED from [com.google.firebase:firebase-analytics-impl-license:11.6.2] AndroidManifest.xml:5:5-20
MERGED from [com.google.firebase:firebase-analytics-impl-license:11.6.2] AndroidManifest.xml:5:5-20
	android:supportsRtl
		ADDED from src\main\AndroidManifest.xml:12:9-35
	android:label
		ADDED from src\main\AndroidManifest.xml:11:9-41
	android:icon
		ADDED from src\main\AndroidManifest.xml:10:9-43
	android:allowBackup
		ADDED from src\main\AndroidManifest.xml:9:9-35
	android:theme
		ADDED from src\main\AndroidManifest.xml:13:9-40
activity#com.google.firebase.udacity.friendlychat.MainActivity
ADDED from src\main\AndroidManifest.xml:14:9-20:20
	android:name
		ADDED from src\main\AndroidManifest.xml:14:19-87
intent-filter#action:name:android.intent.action.MAIN+category:name:android.intent.category.LAUNCHER
ADDED from src\main\AndroidManifest.xml:15:13-19:29
action#android.intent.action.MAIN
ADDED from src\main\AndroidManifest.xml:16:17-69
	android:name
		ADDED from src\main\AndroidManifest.xml:16:25-66
category#android.intent.category.LAUNCHER
ADDED from src\main\AndroidManifest.xml:18:17-77
	android:name
		ADDED from src\main\AndroidManifest.xml:18:27-74
uses-sdk
INJECTED from src\main\AndroidManifest.xml reason: use-sdk injection requested
INJECTED from src\main\AndroidManifest.xml
INJECTED from src\main\AndroidManifest.xml
MERGED from [com.firebaseui:firebase-ui-auth:3.1.2] AndroidManifest.xml:8:5-10:41
MERGED from [com.firebaseui:firebase-ui-auth:3.1.2] AndroidManifest.xml:8:5-10:41
MERGED from [com.android.support:design:27.0.2] AndroidManifest.xml:20:5-44
MERGED from [com.android.support:design:27.0.2] AndroidManifest.xml:20:5-44
MERGED from [com.android.support:appcompat-v7:27.0.2] AndroidManifest.xml:20:5-44
MERGED from [com.android.support:appcompat-v7:27.0.2] AndroidManifest.xml:20:5-44
MERGED from [com.google.firebase:firebase-database:11.6.2] AndroidManifest.xml:3:5-43
MERGED from [com.google.firebase:firebase-database:11.6.2] AndroidManifest.xml:3:5-43
MERGED from [com.google.firebase:firebase-auth:11.6.2] AndroidManifest.xml:17:5-43
MERGED from [com.google.firebase:firebase-auth:11.6.2] AndroidManifest.xml:17:5-43
MERGED from [com.google.firebase:firebase-storage:11.6.2] AndroidManifest.xml:3:5-43
MERGED from [com.google.firebase:firebase-storage:11.6.2] AndroidManifest.xml:3:5-43
MERGED from [com.google.firebase:firebase-messaging:11.6.2] AndroidManifest.xml:17:5-43
MERGED from [com.google.firebase:firebase-messaging:11.6.2] AndroidManifest.xml:17:5-43
MERGED from [com.google.firebase:firebase-config:11.6.2] AndroidManifest.xml:17:5-43
MERGED from [com.google.firebase:firebase-config:11.6.2] AndroidManifest.xml:17:5-43
MERGED from [com.google.firebase:firebase-core:11.6.2] AndroidManifest.xml:4:5-43
MERGED from [com.google.firebase:firebase-core:11.6.2] AndroidManifest.xml:4:5-43
MERGED from [com.google.firebase:firebase-database-connection:11.6.2] AndroidManifest.xml:3:5-43
MERGED from [com.google.firebase:firebase-database-connection:11.6.2] AndroidManifest.xml:3:5-43
MERGED from [com.google.firebase:firebase-analytics:11.6.2] AndroidManifest.xml:17:5-43
MERGED from [com.google.firebase:firebase-analytics:11.6.2] AndroidManifest.xml:17:5-43
MERGED from [com.google.firebase:firebase-analytics-impl:11.6.2] AndroidManifest.xml:17:5-43
MERGED from [com.google.firebase:firebase-analytics-impl:11.6.2] AndroidManifest.xml:17:5-43
MERGED from [com.google.firebase:firebase-iid:11.6.2] AndroidManifest.xml:17:5-43
MERGED from [com.google.firebase:firebase-iid:11.6.2] AndroidManifest.xml:17:5-43
MERGED from [com.google.firebase:firebase-common:11.6.2] AndroidManifest.xml:3:5-43
MERGED from [com.google.firebase:firebase-common:11.6.2] AndroidManifest.xml:3:5-43
MERGED from [com.google.android.gms:play-services-auth:11.6.2] AndroidManifest.xml:17:5-43
MERGED from [com.google.android.gms:play-services-auth:11.6.2] AndroidManifest.xml:17:5-43
MERGED from [com.google.android.gms:play-services-auth-api-phone:11.6.2] AndroidManifest.xml:3:3-41
MERGED from [com.google.android.gms:play-services-auth-api-phone:11.6.2] AndroidManifest.xml:3:3-41
MERGED from [com.google.android.gms:play-services-auth-base:11.6.2] AndroidManifest.xml:4:5-43
MERGED from [com.google.android.gms:play-services-auth-base:11.6.2] AndroidManifest.xml:4:5-43
MERGED from [com.google.android.gms:play-services-base:11.6.2] AndroidManifest.xml:17:5-43
MERGED from [com.google.android.gms:play-services-base:11.6.2] AndroidManifest.xml:17:5-43
MERGED from [com.google.android.gms:play-services-tasks:11.6.2] AndroidManifest.xml:3:5-43
MERGED from [com.google.android.gms:play-services-tasks:11.6.2] AndroidManifest.xml:3:5-43
MERGED from [com.google.firebase:firebase-storage-common:11.6.2] AndroidManifest.xml:3:5-43
MERGED from [com.google.firebase:firebase-storage-common:11.6.2] AndroidManifest.xml:3:5-43
MERGED from [com.google.android.gms:play-services-basement:11.6.2] AndroidManifest.xml:17:5-43
MERGED from [com.google.android.gms:play-services-basement:11.6.2] AndroidManifest.xml:17:5-43
MERGED from [com.android.support:support-v4:27.0.2] AndroidManifest.xml:20:5-44
MERGED from [com.android.support:support-v4:27.0.2] AndroidManifest.xml:20:5-44
MERGED from [com.android.support:recyclerview-v7:27.0.2] AndroidManifest.xml:20:5-44
MERGED from [com.android.support:recyclerview-v7:27.0.2] AndroidManifest.xml:20:5-44
MERGED from [com.android.support:transition:27.0.2] AndroidManifest.xml:20:5-44
MERGED from [com.android.support:transition:27.0.2] AndroidManifest.xml:20:5-44
MERGED from [com.android.support:customtabs:27.0.2] AndroidManifest.xml:20:5-44
MERGED from [com.android.support:customtabs:27.0.2] AndroidManifest.xml:20:5-44
MERGED from [com.android.support:cardview-v7:27.0.2] AndroidManifest.xml:20:5-44
MERGED from [com.android.support:cardview-v7:27.0.2] AndroidManifest.xml:20:5-44
MERGED from [android.arch.lifecycle:extensions:1.0.0] AndroidManifest.xml:20:5-22:41
MERGED from [android.arch.lifecycle:extensions:1.0.0] AndroidManifest.xml:20:5-22:41
MERGED from [com.android.support:support-media-compat:27.0.2] AndroidManifest.xml:20:5-44
MERGED from [com.android.support:support-media-compat:27.0.2] AndroidManifest.xml:20:5-44
MERGED from [com.android.support:support-fragment:27.0.2] AndroidManifest.xml:20:5-44
MERGED from [com.android.support:support-fragment:27.0.2] AndroidManifest.xml:20:5-44
MERGED from [com.android.support:support-core-utils:27.0.2] AndroidManifest.xml:20:5-44
MERGED from [com.android.support:support-core-utils:27.0.2] AndroidManifest.xml:20:5-44
MERGED from [com.android.support:animated-vector-drawable:27.0.2] AndroidManifest.xml:20:5-44
MERGED from [com.android.support:animated-vector-drawable:27.0.2] AndroidManifest.xml:20:5-44
MERGED from [com.android.support:support-core-ui:27.0.2] AndroidManifest.xml:20:5-44
MERGED from [com.android.support:support-core-ui:27.0.2] AndroidManifest.xml:20:5-44
MERGED from [com.android.support:support-vector-drawable:27.0.2] AndroidManifest.xml:20:5-44
MERGED from [com.android.support:support-vector-drawable:27.0.2] AndroidManifest.xml:20:5-44
MERGED from [com.android.support:support-compat:27.0.2] AndroidManifest.xml:20:5-44
MERGED from [com.android.support:support-compat:27.0.2] AndroidManifest.xml:20:5-44
MERGED from [android.arch.lifecycle:runtime:1.0.3] AndroidManifest.xml:20:5-22:41
MERGED from [android.arch.lifecycle:runtime:1.0.3] AndroidManifest.xml:20:5-22:41
MERGED from [android.arch.core:runtime:1.0.0] AndroidManifest.xml:20:5-22:41
MERGED from [android.arch.core:runtime:1.0.0] AndroidManifest.xml:20:5-22:41
MERGED from [com.google.firebase:firebase-database-license:11.6.2] AndroidManifest.xml:4:5-43
MERGED from [com.google.firebase:firebase-database-license:11.6.2] AndroidManifest.xml:4:5-43
MERGED from [com.google.firebase:firebase-auth-license:11.6.2] AndroidManifest.xml:4:5-43
MERGED from [com.google.firebase:firebase-auth-license:11.6.2] AndroidManifest.xml:4:5-43
MERGED from [com.android.support.constraint:constraint-layout:1.1.0-beta3] AndroidManifest.xml:5:5-7:41
MERGED from [com.android.support.constraint:constraint-layout:1.1.0-beta3] AndroidManifest.xml:5:5-7:41
MERGED from [com.google.firebase:firebase-storage-license:11.6.2] AndroidManifest.xml:4:5-43
MERGED from [com.google.firebase:firebase-storage-license:11.6.2] AndroidManifest.xml:4:5-43
MERGED from [com.google.firebase:firebase-messaging-license:11.6.2] AndroidManifest.xml:4:5-43
MERGED from [com.google.firebase:firebase-messaging-license:11.6.2] AndroidManifest.xml:4:5-43
MERGED from [com.google.firebase:firebase-config-license:11.6.2] AndroidManifest.xml:4:5-43
MERGED from [com.google.firebase:firebase-config-license:11.6.2] AndroidManifest.xml:4:5-43
MERGED from [com.google.firebase:firebase-database-connection-license:11.6.2] AndroidManifest.xml:4:5-43
MERGED from [com.google.firebase:firebase-database-connection-license:11.6.2] AndroidManifest.xml:4:5-43
MERGED from [com.google.android.gms:play-services-basement-license:11.6.2] AndroidManifest.xml:4:5-43
MERGED from [com.google.android.gms:play-services-basement-license:11.6.2] AndroidManifest.xml:4:5-43
MERGED from [com.google.firebase:firebase-common-license:11.6.2] AndroidManifest.xml:4:5-43
MERGED from [com.google.firebase:firebase-common-license:11.6.2] AndroidManifest.xml:4:5-43
MERGED from [com.google.android.gms:play-services-tasks-license:11.6.2] AndroidManifest.xml:4:5-43
MERGED from [com.google.android.gms:play-services-tasks-license:11.6.2] AndroidManifest.xml:4:5-43
MERGED from [com.google.android.gms:play-services-base-license:11.6.2] AndroidManifest.xml:4:5-43
MERGED from [com.google.android.gms:play-services-base-license:11.6.2] AndroidManifest.xml:4:5-43
MERGED from [com.google.firebase:firebase-storage-common-license:11.6.2] AndroidManifest.xml:4:5-43
MERGED from [com.google.firebase:firebase-storage-common-license:11.6.2] AndroidManifest.xml:4:5-43
MERGED from [com.google.firebase:firebase-iid-license:11.6.2] AndroidManifest.xml:4:5-43
MERGED from [com.google.firebase:firebase-iid-license:11.6.2] AndroidManifest.xml:4:5-43
MERGED from [com.google.firebase:firebase-analytics-license:11.6.2] AndroidManifest.xml:4:5-43
MERGED from [com.google.firebase:firebase-analytics-license:11.6.2] AndroidManifest.xml:4:5-43
MERGED from [com.google.android.gms:play-services-auth-api-phone-license:11.6.2] AndroidManifest.xml:4:5-43
MERGED from [com.google.android.gms:play-services-auth-api-phone-license:11.6.2] AndroidManifest.xml:4:5-43
MERGED from [com.google.android.gms:play-services-auth-base-license:11.6.2] AndroidManifest.xml:4:5-43
MERGED from [com.google.android.gms:play-services-auth-base-license:11.6.2] AndroidManifest.xml:4:5-43
MERGED from [com.google.firebase:firebase-analytics-impl-license:11.6.2] AndroidManifest.xml:4:5-43
MERGED from [com.google.firebase:firebase-analytics-impl-license:11.6.2] AndroidManifest.xml:4:5-43
INJECTED from src\main\AndroidManifest.xml
INJECTED from src\main\AndroidManifest.xml
	android:targetSdkVersion
		INJECTED from src\main\AndroidManifest.xml
		ADDED from src\main\AndroidManifest.xml
		INJECTED from src\main\AndroidManifest.xml
	android:minSdkVersion
		INJECTED from src\main\AndroidManifest.xml
		ADDED from src\main\AndroidManifest.xml
		INJECTED from src\main\AndroidManifest.xml
meta-data#com.google.android.gms.version
ADDED from [com.firebaseui:firebase-ui-auth:3.1.2] AndroidManifest.xml:16:9-18:69
MERGED from [com.google.android.gms:play-services-basement:11.6.2] AndroidManifest.xml:20:9-121
MERGED from [com.google.android.gms:play-services-basement:11.6.2] AndroidManifest.xml:20:9-121
	android:value
		ADDED from [com.firebaseui:firebase-ui-auth:3.1.2] AndroidManifest.xml:18:13-66
	android:name
		ADDED from [com.firebaseui:firebase-ui-auth:3.1.2] AndroidManifest.xml:17:13-58
meta-data#com.facebook.sdk.ApplicationId
ADDED from [com.firebaseui:firebase-ui-auth:3.1.2] AndroidManifest.xml:19:9-21:63
	android:value
		ADDED from [com.firebaseui:firebase-ui-auth:3.1.2] AndroidManifest.xml:21:13-60
	android:name
		ADDED from [com.firebaseui:firebase-ui-auth:3.1.2] AndroidManifest.xml:20:13-58
activity#com.firebase.ui.auth.KickoffActivity
ADDED from [com.firebaseui:firebase-ui-auth:3.1.2] AndroidManifest.xml:23:9-27:61
	android:label
		ADDED from [com.firebaseui:firebase-ui-auth:3.1.2] AndroidManifest.xml:26:13-29
	android:exported
		ADDED from [com.firebaseui:firebase-ui-auth:3.1.2] AndroidManifest.xml:25:13-37
	android:theme
		ADDED from [com.firebaseui:firebase-ui-auth:3.1.2] AndroidManifest.xml:27:13-58
	android:name
		ADDED from [com.firebaseui:firebase-ui-auth:3.1.2] AndroidManifest.xml:24:13-64
activity#com.firebase.ui.auth.ui.email.RecoverPasswordActivity
ADDED from [com.firebaseui:firebase-ui-auth:3.1.2] AndroidManifest.xml:28:9-31:75
	android:label
		ADDED from [com.firebaseui:firebase-ui-auth:3.1.2] AndroidManifest.xml:31:13-72
	android:exported
		ADDED from [com.firebaseui:firebase-ui-auth:3.1.2] AndroidManifest.xml:30:13-37
	android:name
		ADDED from [com.firebaseui:firebase-ui-auth:3.1.2] AndroidManifest.xml:29:13-81
activity#com.firebase.ui.auth.ui.email.EmailActivity
ADDED from [com.firebaseui:firebase-ui-auth:3.1.2] AndroidManifest.xml:32:9-36:58
	android:label
		ADDED from [com.firebaseui:firebase-ui-auth:3.1.2] AndroidManifest.xml:35:13-56
	android:windowSoftInputMode
		ADDED from [com.firebaseui:firebase-ui-auth:3.1.2] AndroidManifest.xml:36:13-55
	android:exported
		ADDED from [com.firebaseui:firebase-ui-auth:3.1.2] AndroidManifest.xml:34:13-37
	android:name
		ADDED from [com.firebaseui:firebase-ui-auth:3.1.2] AndroidManifest.xml:33:13-71
activity#com.firebase.ui.auth.ui.phone.PhoneActivity
ADDED from [com.firebaseui:firebase-ui-auth:3.1.2] AndroidManifest.xml:37:9-41:77
	android:label
		ADDED from [com.firebaseui:firebase-ui-auth:3.1.2] AndroidManifest.xml:40:13-66
	android:windowSoftInputMode
		ADDED from [com.firebaseui:firebase-ui-auth:3.1.2] AndroidManifest.xml:41:13-74
	android:exported
		ADDED from [com.firebaseui:firebase-ui-auth:3.1.2] AndroidManifest.xml:39:13-37
	android:name
		ADDED from [com.firebaseui:firebase-ui-auth:3.1.2] AndroidManifest.xml:38:13-71
activity#com.firebase.ui.auth.ui.idp.WelcomeBackIdpPrompt
ADDED from [com.firebaseui:firebase-ui-auth:3.1.2] AndroidManifest.xml:42:9-45:73
	android:label
		ADDED from [com.firebaseui:firebase-ui-auth:3.1.2] AndroidManifest.xml:45:13-70
	android:exported
		ADDED from [com.firebaseui:firebase-ui-auth:3.1.2] AndroidManifest.xml:44:13-37
	android:name
		ADDED from [com.firebaseui:firebase-ui-auth:3.1.2] AndroidManifest.xml:43:13-76
activity#com.firebase.ui.auth.ui.email.WelcomeBackPasswordPrompt
ADDED from [com.firebaseui:firebase-ui-auth:3.1.2] AndroidManifest.xml:46:9-50:58
	android:label
		ADDED from [com.firebaseui:firebase-ui-auth:3.1.2] AndroidManifest.xml:49:13-75
	android:windowSoftInputMode
		ADDED from [com.firebaseui:firebase-ui-auth:3.1.2] AndroidManifest.xml:50:13-55
	android:exported
		ADDED from [com.firebaseui:firebase-ui-auth:3.1.2] AndroidManifest.xml:48:13-37
	android:name
		ADDED from [com.firebaseui:firebase-ui-auth:3.1.2] AndroidManifest.xml:47:13-83
activity#com.firebase.ui.auth.ui.idp.AuthMethodPickerActivity
ADDED from [com.firebaseui:firebase-ui-auth:3.1.2] AndroidManifest.xml:51:9-54:65
	android:label
		ADDED from [com.firebaseui:firebase-ui-auth:3.1.2] AndroidManifest.xml:54:13-62
	android:exported
		ADDED from [com.firebaseui:firebase-ui-auth:3.1.2] AndroidManifest.xml:53:13-37
	android:name
		ADDED from [com.firebaseui:firebase-ui-auth:3.1.2] AndroidManifest.xml:52:13-80
activity#com.facebook.FacebookActivity
ADDED from [com.firebaseui:firebase-ui-auth:3.1.2] AndroidManifest.xml:55:9-59:48
	android:label
		ADDED from [com.firebaseui:firebase-ui-auth:3.1.2] AndroidManifest.xml:58:13-45
	tools:ignore
		ADDED from [com.firebaseui:firebase-ui-auth:3.1.2] AndroidManifest.xml:59:13-45
	android:configChanges
		ADDED from [com.firebaseui:firebase-ui-auth:3.1.2] AndroidManifest.xml:57:13-96
	android:name
		ADDED from [com.firebaseui:firebase-ui-auth:3.1.2] AndroidManifest.xml:56:13-57
activity#com.facebook.CustomTabActivity
ADDED from [com.firebaseui:firebase-ui-auth:3.1.2] AndroidManifest.xml:60:9-72:20
	android:exported
		ADDED from [com.firebaseui:firebase-ui-auth:3.1.2] AndroidManifest.xml:62:13-36
	tools:ignore
		ADDED from [com.firebaseui:firebase-ui-auth:3.1.2] AndroidManifest.xml:63:13-45
	android:name
		ADDED from [com.firebaseui:firebase-ui-auth:3.1.2] AndroidManifest.xml:61:13-58
intent-filter#action:name:android.intent.action.VIEW+category:name:android.intent.category.BROWSABLE+category:name:android.intent.category.DEFAULT+data:scheme:@string/facebook_login_protocol_scheme
ADDED from [com.firebaseui:firebase-ui-auth:3.1.2] AndroidManifest.xml:64:13-71:29